<?xml version="1.0" encoding="UTF-8"?>
<!-- Generated by org.testng.reporters.JUnitXMLReporter -->
<testsuite hostname="DESKTOP-6KKEUNJ" ignored="0" name="Default test" tests="3" failures="0" timestamp="20 May 2018 07:29:53 GMT" time="97.298" errors="0">
  <testcase name="crmImageTest" time="0.059" classname="com.qa.crm.testcases.LoginPageTest"/>
  <testcase name="loginPageTest" time="31.237" classname="com.qa.crm.testcases.LoginPageTest"/>
  <testcase name="titleTest" time="0.02" classname="com.qa.crm.testcases.LoginPageTest"/>
</testsuite> <!-- Default test -->
