<?xml version="1.0" encoding="UTF-8"?>
<!-- Generated by org.testng.reporters.JUnitXMLReporter -->
<testsuite hostname="DESKTOP-6KKEUNJ" ignored="0" name="Test" tests="3" failures="1" timestamp="23 Sep 2018 04:55:12 GMT" time="81.896" errors="0">
  <testcase name="crmImageTest" time="0.127" classname="com.qa.crm.testcases.LoginPageTest"/>
  <testcase name="loginPageTest" time="23.016" classname="com.qa.crm.testcases.LoginPageTest"/>
  <testcase name="titleTest" time="0.027" classname="com.qa.crm.testcases.LoginPageTest">
    <failure type="java.lang.AssertionError" message="Title doesnt matched with actual expected [Free CRM software in the cloud powers sales and customer service] but found [#1 Free CRM software in the cloud for sales and service]">
      <![CDATA[java.lang.AssertionError: Title doesnt matched with actual expected [Free CRM software in the cloud powers sales and customer service] but found [#1 Free CRM software in the cloud for sales and service]
	at com.qa.crm.testcases.LoginPageTest.titleTest(LoginPageTest.java:33)
... Removed 30 stack frames]]>
    </failure>
  </testcase> <!-- titleTest -->
</testsuite> <!-- Test -->
