<?xml version="1.0" encoding="UTF-8"?>
<testng-results skipped="0" failed="0" ignored="0" total="3" passed="3">
  <reporter-output>
  </reporter-output>
  <suite name="Default suite" duration-ms="97298" started-at="2018-05-20T07:28:16Z" finished-at="2018-05-20T07:29:53Z">
    <groups>
    </groups>
    <test name="Default test" duration-ms="97298" started-at="2018-05-20T07:28:16Z" finished-at="2018-05-20T07:29:53Z">
      <class name="com.qa.crm.testcases.LoginPageTest">
        <test-method status="PASS" signature="setUp()[pri:0, instance:com.qa.crm.testcases.LoginPageTest@724af044]" name="setUp" is-config="true" duration-ms="21889" started-at="2018-05-20T12:58:16Z" finished-at="2018-05-20T12:58:38Z">
          <reporter-output>
          </reporter-output>
        </test-method> <!-- setUp -->
        <test-method status="PASS" signature="crmImageTest()[pri:0, instance:com.qa.crm.testcases.LoginPageTest@724af044]" name="crmImageTest" duration-ms="59" started-at="2018-05-20T12:58:38Z" finished-at="2018-05-20T12:58:38Z">
          <reporter-output>
          </reporter-output>
        </test-method> <!-- crmImageTest -->
        <test-method status="PASS" signature="tearDown()[pri:0, instance:com.qa.crm.testcases.LoginPageTest@724af044]" name="tearDown" is-config="true" duration-ms="0" started-at="2018-05-20T12:58:38Z" finished-at="2018-05-20T12:58:38Z">
          <reporter-output>
          </reporter-output>
        </test-method> <!-- tearDown -->
        <test-method status="PASS" signature="setUp()[pri:0, instance:com.qa.crm.testcases.LoginPageTest@724af044]" name="setUp" is-config="true" duration-ms="22827" started-at="2018-05-20T12:58:38Z" finished-at="2018-05-20T12:59:01Z">
          <reporter-output>
          </reporter-output>
        </test-method> <!-- setUp -->
        <test-method status="PASS" signature="loginPageTest()[pri:0, instance:com.qa.crm.testcases.LoginPageTest@724af044]" name="loginPageTest" duration-ms="31237" started-at="2018-05-20T12:59:01Z" finished-at="2018-05-20T12:59:32Z">
          <reporter-output>
          </reporter-output>
        </test-method> <!-- loginPageTest -->
        <test-method status="PASS" signature="tearDown()[pri:0, instance:com.qa.crm.testcases.LoginPageTest@724af044]" name="tearDown" is-config="true" duration-ms="0" started-at="2018-05-20T12:59:32Z" finished-at="2018-05-20T12:59:32Z">
          <reporter-output>
          </reporter-output>
        </test-method> <!-- tearDown -->
        <test-method status="PASS" signature="setUp()[pri:0, instance:com.qa.crm.testcases.LoginPageTest@724af044]" name="setUp" is-config="true" duration-ms="21232" started-at="2018-05-20T12:59:32Z" finished-at="2018-05-20T12:59:53Z">
          <reporter-output>
          </reporter-output>
        </test-method> <!-- setUp -->
        <test-method status="PASS" signature="titleTest()[pri:0, instance:com.qa.crm.testcases.LoginPageTest@724af044]" name="titleTest" duration-ms="20" started-at="2018-05-20T12:59:53Z" finished-at="2018-05-20T12:59:53Z">
          <reporter-output>
          </reporter-output>
        </test-method> <!-- titleTest -->
        <test-method status="PASS" signature="tearDown()[pri:0, instance:com.qa.crm.testcases.LoginPageTest@724af044]" name="tearDown" is-config="true" duration-ms="1" started-at="2018-05-20T12:59:53Z" finished-at="2018-05-20T12:59:53Z">
          <reporter-output>
          </reporter-output>
        </test-method> <!-- tearDown -->
      </class> <!-- com.qa.crm.testcases.LoginPageTest -->
    </test> <!-- Default test -->
  </suite> <!-- Default suite -->
</testng-results>
